  AI.cpp
  Chess.cpp
D:\程序\vs cpp\五子棋\五子棋\Chess.cpp(24,60): warning C4244: “参数”: 从“float”转换到“int”，可能丢失数据
D:\程序\vs cpp\五子棋\五子棋\Chess.cpp(24,49): warning C4244: “参数”: 从“float”转换到“int”，可能丢失数据
D:\程序\vs cpp\五子棋\五子棋\Chess.cpp(25,60): warning C4244: “参数”: 从“float”转换到“int”，可能丢失数据
D:\程序\vs cpp\五子棋\五子棋\Chess.cpp(25,49): warning C4244: “参数”: 从“float”转换到“int”，可能丢失数据
D:\程序\vs cpp\五子棋\五子棋\Chess.cpp(78,18): warning C4244: “参数”: 从“float”转换到“int”，可能丢失数据
D:\程序\vs cpp\五子棋\五子棋\Chess.cpp(78,15): warning C4244: “参数”: 从“float”转换到“int”，可能丢失数据
D:\程序\vs cpp\五子棋\五子棋\Chess.cpp(82,18): warning C4244: “参数”: 从“float”转换到“int”，可能丢失数据
D:\程序\vs cpp\五子棋\五子棋\Chess.cpp(82,15): warning C4244: “参数”: 从“float”转换到“int”，可能丢失数据
D:\程序\vs cpp\五子棋\五子棋\Chess.cpp(89,11): warning C4244: “初始化”: 从“float”转换到“int”，可能丢失数据
D:\程序\vs cpp\五子棋\五子棋\Chess.cpp(90,11): warning C4244: “初始化”: 从“float”转换到“int”，可能丢失数据
D:\程序\vs cpp\五子棋\五子棋\Chess.cpp(93,12): warning C4244: “初始化”: 从“double”转换到“float”，可能丢失数据
  ChessGame.cpp
  Man.cpp
D:\程序\vs cpp\五子棋\五子棋\Man.cpp(16,35): warning C4390: “;”: 找到空的受控语句；这是否是有意的?
  Manage.cpp
D:\程序\vs cpp\五子棋\五子棋\Manage.cpp(9,23): warning C4305: “参数”: 从“double”到“float”截断
  正在生成代码...
  五子棋.vcxproj -> D:\程序\vs cpp\五子棋\x64\Debug\五子棋.exe
